<?xml version="1.0" encoding="UTF-8"?>
<testng-results ignored="0" total="1" passed="1" failed="0" skipped="0">
  <reporter-output>
  </reporter-output>
  <suite started-at="2026-08-01T13:41:36 IST" name="Surefire suite" finished-at="2026-08-01T13:41:39 IST" duration-ms="3469">
    <groups>
    </groups>
    <test started-at="2026-08-01T13:41:36 IST" name="Surefire test" finished-at="2026-08-01T13:41:39 IST" duration-ms="3469">
      <class name="project.CreateProject_Test">
        <test-method is-config="true" signature="dbConnection()[pri:0, instance:project.CreateProject_Test@6fe7aac8]" started-at="2026-08-01T13:41:36 IST" name="dbConnection" finished-at="2026-08-01T13:41:36 IST" duration-ms="0" status="PASS">
          <reporter-output>
          </reporter-output>
        </test-method> <!-- dbConnection -->
        <test-method is-config="true" signature="bt()[pri:0, instance:project.CreateProject_Test@6fe7aac8]" started-at="2026-08-01T13:41:36 IST" name="bt" finished-at="2026-08-01T13:41:36 IST" duration-ms="0" status="PASS">
          <reporter-output>
          </reporter-output>
        </test-method> <!-- bt -->
        <test-method is-config="true" signature="navigateTOApp()[pri:0, instance:project.CreateProject_Test@6fe7aac8]" started-at="2026-08-01T13:41:36 IST" name="navigateTOApp" finished-at="2026-08-01T13:41:38 IST" duration-ms="2599" status="PASS">
          <reporter-output>
          </reporter-output>
        </test-method> <!-- navigateTOApp -->
        <test-method is-config="true" signature="login()[pri:0, instance:project.CreateProject_Test@6fe7aac8]" started-at="2026-08-01T13:41:38 IST" name="login" finished-at="2026-08-01T13:41:39 IST" duration-ms="391" status="PASS">
          <reporter-output>
          </reporter-output>
        </test-method> <!-- login -->
        <test-method signature="createProject_Test()[pri:0, instance:project.CreateProject_Test@6fe7aac8]" started-at="2026-08-01T13:41:39 IST" name="createProject_Test" finished-at="2026-08-01T13:41:39 IST" duration-ms="4" status="PASS">
          <reporter-output>
          </reporter-output>
        </test-method> <!-- createProject_Test -->
        <test-method is-config="true" signature="logout()[pri:0, instance:project.CreateProject_Test@6fe7aac8]" started-at="2026-08-01T13:41:39 IST" name="logout" finished-at="2026-08-01T13:41:39 IST" duration-ms="245" status="PASS">
          <reporter-output>
          </reporter-output>
        </test-method> <!-- logout -->
        <test-method is-config="true" signature="closeBrowser()[pri:0, instance:project.CreateProject_Test@6fe7aac8]" started-at="2026-08-01T13:41:39 IST" name="closeBrowser" finished-at="2026-08-01T13:41:39 IST" duration-ms="171" status="PASS">
          <reporter-output>
          </reporter-output>
        </test-method> <!-- closeBrowser -->
        <test-method is-config="true" signature="at()[pri:0, instance:project.CreateProject_Test@6fe7aac8]" started-at="2026-08-01T13:41:39 IST" name="at" finished-at="2026-08-01T13:41:39 IST" duration-ms="0" status="PASS">
          <reporter-output>
          </reporter-output>
        </test-method> <!-- at -->
        <test-method is-config="true" signature="closeConnection()[pri:0, instance:project.CreateProject_Test@6fe7aac8]" started-at="2026-08-01T13:41:39 IST" name="closeConnection" finished-at="2026-08-01T13:41:39 IST" duration-ms="0" status="PASS">
          <reporter-output>
          </reporter-output>
        </test-method> <!-- closeConnection -->
      </class> <!-- project.CreateProject_Test -->
    </test> <!-- Surefire test -->
  </suite> <!-- Surefire suite -->
</testng-results>
