<?xml version="1.0" encoding="UTF-8"?>
<!-- Generated by org.testng.reporters.JUnitReportReporter -->
<testsuite hostname="TYSS-Tanuja-N-Sonawale" failures="0" tests="1" name="project.CreateProject_Test" time="0.811" errors="0" timestamp="2026-08-01T12:35:21 IST" skipped="0">
  <testcase classname="project.CreateProject_Test" name="createProject_Test" time="0.811"/>
  <system-out>
    <![CDATA[Name:Salman Khan Age:60 Ocu:Actor Movie:TZH
Name:Amir Khan Age:61 Ocu:Actor Movie:3Idoits
Name:Shaha rukh Khan Age:60 Ocu:Actor Movie:DDLJ]]>
  </system-out>
</testsuite> <!-- project.CreateProject_Test -->
