<?xml version="1.0" encoding="UTF-8"?>
<!-- Generated by org.testng.reporters.JUnitReportReporter -->
<testsuite hostname="TYSS-Tanuja-N-Sonawale" failures="0" tests="3" name="normal.DataPRoviderEg" time="0.010" errors="0" timestamp="2026-08-01T12:35:21 IST" skipped="0">
  <testcase classname="normal.DataPRoviderEg" name="info" time="0.001">
    <system-out>
      <![CDATA[Name:Amir Khan Age:61 Ocu:Actor Movie:3Idoits]]>
    </system-out>
  </testcase> <!-- info -->
  <testcase classname="normal.DataPRoviderEg" name="info" time="0.008">
    <system-out>
      <![CDATA[Name:Salman Khan Age:60 Ocu:Actor Movie:TZH]]>
    </system-out>
  </testcase> <!-- info -->
  <testcase classname="normal.DataPRoviderEg" name="info" time="0.001">
    <system-out>
      <![CDATA[Name:Shaha rukh Khan Age:60 Ocu:Actor Movie:DDLJ]]>
    </system-out>
  </testcase> <!-- info -->
  <system-out>
    <![CDATA[Name:Salman Khan Age:60 Ocu:Actor Movie:TZH
Name:Amir Khan Age:61 Ocu:Actor Movie:3Idoits
Name:Shaha rukh Khan Age:60 Ocu:Actor Movie:DDLJ]]>
  </system-out>
</testsuite> <!-- normal.DataPRoviderEg -->
