<?xml version="1.0" encoding="UTF-8"?>
<!-- Generated by org.testng.reporters.JUnitXMLReporter -->
<testsuite ignored="0" hostname="TYSS-Tanuja-N-Sonawale" failures="1" tests="2" name="Test2" time="8.522" errors="0" timestamp="2026-08-01T12:55:41 IST">
  <testcase classname="normal.CreateProject_NinzaHrm" name="createProject_Test" time="8.468">
    <failure type="java.lang.AssertionError" message="The following asserts failed:
	expected [true] but found [false]">
      <![CDATA[java.lang.AssertionError: The following asserts failed:
expected [true] but found [false]
at objectRepo.NewProjectPage.createProject(NewProjectPage.java:52)
at normal.CreateProject_NinzaHrm.createProject_Test(CreateProject_NinzaHrm.java:56)
at java.base/java.util.ArrayList.forEach(ArrayList.java:1597)
at java.base/java.util.concurrent.FutureTask.run(FutureTask.java:317)
at java.base/java.util.concurrent.ThreadPoolExecutor.runWorker(ThreadPoolExecutor.java:1144)
at java.base/java.util.concurrent.ThreadPoolExecutor$Worker.run(ThreadPoolExecutor.java:642)
at java.base/java.lang.Thread.run(Thread.java:1570)
... Removed 17 stack frames]]>
    </failure>
  </testcase> <!-- createProject_Test -->
  <testcase classname="normal.CreateProject_NinzaHrm" name="m2" time="0.0"/>
</testsuite> <!-- Test2 -->
